<?xml version="1.0" encoding="UTF-8"?>
<testng-results ignored="0" total="1" passed="1" failed="0" skipped="0">
  <reporter-output>
  </reporter-output>
  <suite started-at="2026-09-23T21:10:51 IST" name="Default suite" finished-at="2026-09-23T21:11:06 IST" duration-ms="15178">
    <groups>
    </groups>
    <test started-at="2026-09-23T21:10:51 IST" name="Default test" finished-at="2026-09-23T21:11:06 IST" duration-ms="15178">
      <class name="Test3">
        <test-method signature="uploadFileWithoutSendKeys()[pri:0, instance:Test3@55b699ef]" started-at="2026-09-23T21:10:51 IST" name="uploadFileWithoutSendKeys" finished-at="2026-09-23T21:11:06 IST" duration-ms="15101" status="PASS">
          <reporter-output>
          </reporter-output>
        </test-method> <!-- uploadFileWithoutSendKeys -->
      </class> <!-- Test3 -->
    </test> <!-- Default test -->
  </suite> <!-- Default suite -->
</testng-results>
