<?xml version="1.0" encoding="UTF-8"?>
<testng-results ignored="0" total="1" passed="1" failed="0" skipped="0">
  <reporter-output>
  </reporter-output>
  <suite started-at="2026-09-25T21:10:23 IST" name="Default suite" finished-at="2026-09-25T21:10:38 IST" duration-ms="15367">
    <groups>
    </groups>
    <test started-at="2026-09-25T21:10:23 IST" name="Default test" finished-at="2026-09-25T21:10:38 IST" duration-ms="15367">
      <class name="Test1">
        <test-method signature="testMethod1()[pri:0, instance:Test1@7c7b252e]" started-at="2026-09-25T21:10:23 IST" name="testMethod1" finished-at="2026-09-25T21:10:38 IST" duration-ms="15105" status="PASS">
          <reporter-output>
          </reporter-output>
        </test-method> <!-- testMethod1 -->
      </class> <!-- Test1 -->
    </test> <!-- Default test -->
  </suite> <!-- Default suite -->
</testng-results>
